<?xml version="1.0" encoding="UTF-8"?>
<!-- Generated by org.testng.reporters.JUnitXMLReporter -->
<testsuite ignored="0" hostname="DESKTOP-V6I1E6E" failures="0" tests="3" name="Default test" time="68.312" errors="0" timestamp="2022-05-30T13:17:46 IST">
  <testcase classname="insuranceCalculation_Motorcycle.EndtoEndTests_motorCycle" name="insuranceCalculate" time="0.016"/>
  <testcase classname="insuranceCalculation_Motorcycle.EndtoEndTests_motorCycle" name="insuranceCalculate" time="0.003"/>
  <testcase classname="insuranceCalculation_Motorcycle.EndtoEndTests_motorCycle" name="insuranceCalculate" time="0.006"/>
</testsuite> <!-- Default test -->
