<?xml version="1.0" encoding="UTF-8"?>
<!-- Generated by org.testng.reporters.JUnitXMLReporter -->
<testsuite ignored="0" hostname="DESKTOP-V6I1E6E" failures="2" tests="3" name="Test" time="50.703" errors="0" timestamp="2022-05-30T16:08:32 IST">
  <testcase classname="insuranceCalculation_Motorcycle.EndtoEndTests_motorCycle" name="insuranceCalculate" time="7.703"/>
  <testcase classname="insuranceCalculation_Motorcycle.EndtoEndTests_motorCycle" name="insuranceCalculate" time="6.64">
    <failure type="java.lang.AssertionError" message="Pricing for Gold plan is not Matching. expected [696.00] but found [772.00]">
      <![CDATA[java.lang.AssertionError: Pricing for Gold plan is not Matching. expected [696.00] but found [772.00]
at insuranceCalculation_Motorcycle.EndtoEndTests_motorCycle.insuranceCalculate(EndtoEndTests_motorCycle.java:50)
at java.base/java.util.ArrayList.forEach(ArrayList.java:1511)
... Removed 30 stack frames]]>
    </failure>
  </testcase> <!-- insuranceCalculate -->
  <testcase classname="insuranceCalculation_Motorcycle.EndtoEndTests_motorCycle" name="insuranceCalculate" time="6.232">
    <failure type="java.lang.AssertionError" message="Pricing for Silver plan is not Matching. expected [258.00] but found [93.00]">
      <![CDATA[java.lang.AssertionError: Pricing for Silver plan is not Matching. expected [258.00] but found [93.00]
at insuranceCalculation_Motorcycle.EndtoEndTests_motorCycle.insuranceCalculate(EndtoEndTests_motorCycle.java:51)
at java.base/java.util.ArrayList.forEach(ArrayList.java:1511)
... Removed 30 stack frames]]>
    </failure>
  </testcase> <!-- insuranceCalculate -->
</testsuite> <!-- Test -->
